<?xml version="1.0" encoding="UTF-8"?>
<!-- Generated by org.testng.reporters.JUnitXMLReporter -->
<testsuite ignored="0" hostname="DESKTOP-UA7G0ND" failures="0" tests="3" name="SubmitCartTest" time="29.674" errors="0" timestamp="2024-07-04T13:44:00 IST">
  <testcase classname="SeleniumProject.MySeleniumProject.Tests.SubmitCartTest" name="submitOrder" time="8.706"/>
  <testcase classname="SeleniumProject.MySeleniumProject.Tests.SubmitCartTest" name="submitOrder" time="6.586"/>
  <testcase classname="SeleniumProject.MySeleniumProject.Tests.SubmitCartTest" name="prodMatchOrderList" time="0.489"/>
</testsuite> <!-- SubmitCartTest -->
