<?xml version="1.0" encoding="UTF-8"?>
<!-- Generated by org.testng.reporters.JUnitXMLReporter -->
<testsuite ignored="1" hostname="DESKTOP-UA7G0ND" failures="0" tests="2" name="SubmitCartTest" time="21.745" errors="0" timestamp="2024-07-04T09:35:18 IST">
  <testcase classname="SeleniumProject.MySeleniumProject.Tests.SubmitCartTest" name="submitOrder" time="6.692"/>
  <testcase classname="SeleniumProject.MySeleniumProject.Tests.SubmitCartTest" name="submitOrder" time="8.511"/>
  <testcase classname="SeleniumProject.MySeleniumProject.Tests.SubmitCartTest" name="prodMatchOrderList" time="0.0">
    <ignored/>
  </testcase> <!-- prodMatchOrderList -->
</testsuite> <!-- SubmitCartTest -->
