<?xml version="1.0" encoding="UTF-8"?>
<!-- Generated by org.testng.reporters.JUnitXMLReporter -->
<testsuite ignored="0" hostname="DESKTOP-UA7G0ND" failures="0" tests="3" name="Default test" time="38.037" errors="0" timestamp="2024-07-02T16:14:23 IST">
  <testcase classname="SeleniumProject.MySeleniumProject.Tests.SubmitCartTest" name="submitOrder" time="14.677"/>
  <testcase classname="SeleniumProject.MySeleniumProject.Tests.SubmitCartTest" name="submitOrder" time="14.076"/>
  <testcase classname="SeleniumProject.MySeleniumProject.Tests.SubmitCartTest" name="prodMatchOrderList" time="0.975"/>
</testsuite> <!-- Default test -->
